<?xml version="1.0" encoding="UTF-8"?>
<testng-results total="1" passed="1" failed="0" skipped="0">
  <reporter-output>
  </reporter-output>
  <suite started-at="2022-07-31T03:59:12Z" name="Default suite" finished-at="2022-07-31T03:59:46Z" duration-ms="33661">
    <groups>
    </groups>
    <test started-at="2022-07-31T03:59:12Z" name="Default test" finished-at="2022-07-31T03:59:46Z" duration-ms="33661">
      <class name="com.browserstack.run_second_test.copy.SecondTest">
        <test-method is-config="true" signature="setUp()[pri:0, instance:com.browserstack.run_second_test.copy.SecondTest@57a78e3]" started-at="2022-07-31T10:59:13Z" name="setUp" finished-at="2022-07-31T10:59:39Z" duration-ms="26312" status="PASS">
          <reporter-output>
          </reporter-output>
        </test-method> <!-- setUp -->
        <test-method signature="test()[pri:0, instance:com.browserstack.run_second_test.copy.SecondTest@57a78e3]" started-at="2022-07-31T10:59:39Z" name="test" finished-at="2022-07-31T10:59:44Z" duration-ms="5676" status="PASS">
          <reporter-output>
          </reporter-output>
        </test-method> <!-- test -->
        <test-method is-config="true" signature="tearDown()[pri:0, instance:com.browserstack.run_second_test.copy.SecondTest@57a78e3]" started-at="2022-07-31T10:59:44Z" name="tearDown" finished-at="2022-07-31T10:59:46Z" duration-ms="1664" status="PASS">
          <reporter-output>
          </reporter-output>
        </test-method> <!-- tearDown -->
      </class> <!-- com.browserstack.run_second_test.copy.SecondTest -->
    </test> <!-- Default test -->
  </suite> <!-- Default suite -->
</testng-results>
